<?xml version="1.0" encoding="UTF-8"?>
<testng-results skipped="0" failed="0" total="0" passed="0">
  <reporter-output>
  </reporter-output>
  <suite name="it.simone.webApp.TestMain" duration-ms="0" started-at="2018-05-30T15:33:46Z" finished-at="2018-05-30T15:33:46Z">
    <groups>
    </groups>
    <test name="Command line test" duration-ms="0" started-at="2018-05-30T15:33:46Z" finished-at="2018-05-30T15:33:46Z">
    </test> <!-- Command line test -->
  </suite> <!-- it.simone.webApp.TestMain -->
</testng-results>
